<?xml version="1.0" encoding="UTF-8"?>
<!-- Generated by org.testng.reporters.JUnitReportReporter -->
<testsuite skipped="0" hostname="ajitbiswas-laptop" name="scripts.TestValidLogin" tests="1" failures="0" timestamp="02 Apr 2018 12:29:36 GMT" time="21.757" errors="0">
  <testcase name="testValidLogin" time="21.757" classname="scripts.TestValidLogin"/>
</testsuite> <!-- scripts.TestValidLogin -->
