<?xml version="1.0" encoding="UTF-8"?>
<!-- Generated by org.testng.reporters.JUnitReportReporter -->
<testsuite skipped="0" hostname="ajitbiswas-laptop" name="scripts.VerifyProductVersion" tests="1" failures="0" timestamp="02 Apr 2018 12:29:36 GMT" time="23.828" errors="0">
  <testcase name="testProductVersion" time="23.828" classname="scripts.VerifyProductVersion"/>
</testsuite> <!-- scripts.VerifyProductVersion -->
