<?xml version="1.0" encoding="UTF-8"?>
<!-- Generated by org.testng.reporters.JUnitReportReporter -->
<testsuite skipped="0" hostname="ajitbiswas-laptop" name="scripts.TestInvalidLogin" tests="1" failures="0" timestamp="02 Apr 2018 12:29:36 GMT" time="23.190" errors="0">
  <testcase name="testInvalidLogin" time="23.190" classname="scripts.TestInvalidLogin"/>
</testsuite> <!-- scripts.TestInvalidLogin -->
